[0m23:51:15.044821 [debug] [MainThread]: Sending event: {'category': 'dbt', 'action': 'invocation', 'label': 'start', 'context': [<snowplow_tracker.self_describing_json.SelfDescribingJson object at 0x1065b76e0>, <snowplow_tracker.self_describing_json.SelfDescribingJson object at 0x108d29100>, <snowplow_tracker.self_describing_json.SelfDescribingJson object at 0x108d28d70>]}


============================== 23:51:15.047330 | 42745ebb-62d4-4743-a3a4-e787ff305ee0 ==============================
[0m23:51:15.047330 [info ] [MainThread]: Running with dbt=1.9.4
[0m23:51:15.047625 [debug] [MainThread]: running dbt with arguments {'printer_width': '80', 'indirect_selection': 'eager', 'write_json': 'True', 'log_cache_events': 'False', 'partial_parse': 'True', 'cache_selected_only': 'False', 'warn_error': 'None', 'debug': 'False', 'profiles_dir': '/Users/chandankondapuram/.dbt', 'log_path': 'logs', 'version_check': 'True', 'fail_fast': 'False', 'use_colors': 'True', 'use_experimental_parser': 'False', 'empty': 'None', 'quiet': 'False', 'no_print': 'None', 'warn_error_options': 'WarnErrorOptions(include=[], exclude=[])', 'introspect': 'True', 'static_parser': 'True', 'invocation_command': 'dbt init saas_analytics', 'target_path': 'None', 'log_format': 'default', 'send_anonymous_usage_stats': 'True'}
[0m23:51:15.057031 [debug] [MainThread]: Starter project path: /Users/chandankondapuram/Documents/My Projects/kafka-project/.venv/lib/python3.12/site-packages/dbt/include/starter_project
[0m23:51:15.060215 [info ] [MainThread]: 
Your new dbt project "saas_analytics" was created!

For more information on how to configure the profiles.yml file,
please consult the dbt documentation here:

  https://docs.getdbt.com/docs/configure-your-profile

One more thing:

Need help? Don't hesitate to reach out to us via GitHub issues or on Slack:

  https://community.getdbt.com/

Happy modeling!

[0m23:51:15.060436 [info ] [MainThread]: Setting up your profile.
[0m23:52:12.238740 [info ] [MainThread]: Profile saas_analytics written to /Users/chandankondapuram/.dbt/profiles.yml using target's profile_template.yml and your supplied values. Run 'dbt debug' to validate the connection.
[0m23:52:12.249294 [debug] [MainThread]: Resource report: {"command_name": "init", "command_success": true, "command_wall_clock_time": 57.231487, "process_in_blocks": "0", "process_kernel_time": 0.198332, "process_mem_max_rss": "190218240", "process_out_blocks": "0", "process_user_time": 0.791893}
[0m23:52:12.250116 [debug] [MainThread]: Command `dbt init` succeeded at 23:52:12.249972 after 57.23 seconds
[0m23:52:12.250607 [debug] [MainThread]: Sending event: {'category': 'dbt', 'action': 'invocation', 'label': 'end', 'context': [<snowplow_tracker.self_describing_json.SelfDescribingJson object at 0x108d28d10>, <snowplow_tracker.self_describing_json.SelfDescribingJson object at 0x10bfda9c0>, <snowplow_tracker.self_describing_json.SelfDescribingJson object at 0x108daadb0>]}
[0m23:52:12.251057 [debug] [MainThread]: Flushing usage events
[0m23:52:12.537787 [debug] [MainThread]: An error was encountered while trying to flush usage events
